This is pdfTeX, Version 3.14159265-2.6-1.40.21 (TeX Live 2020) (preloaded format=pdflatex 2021.2.17)  6 SEP 2021 17:28
entering extended mode
 restricted \write18 enabled.
 %&-line parsing enabled.
**"Lecture Slides.tex"
(./Lecture Slides.tex
LaTeX2e <2020-02-02> patch level 5
L3 programming layer <2020-03-06>
(/usr/local/texlive/2020/texmf-dist/tex/latex/base/article.cls
Document Class: article 2019/12/20 v1.4l Standard LaTeX document class
(/usr/local/texlive/2020/texmf-dist/tex/latex/base/size11.clo
File: size11.clo 2019/12/20 v1.4l Standard LaTeX file (size option)
)
\c@part=\count167
\c@section=\count168
\c@subsection=\count169
\c@subsubsection=\count170
\c@paragraph=\count171
\c@subparagraph=\count172
\c@figure=\count173
\c@table=\count174
\abovecaptionskip=\skip47
\belowcaptionskip=\skip48
\bibindent=\dimen134
)
(/usr/local/texlive/2020/texmf-dist/tex/latex/graphics/color.sty
Package: color 2019/11/23 v1.2a Standard LaTeX Color (DPC)

(/usr/local/texlive/2020/texmf-dist/tex/latex/graphics-cfg/color.cfg
File: color.cfg 2016/01/02 v1.6 sample color configuration
)
Package color Info: Driver file: pdftex.def on input line 147.

(/usr/local/texlive/2020/texmf-dist/tex/latex/graphics-def/pdftex.def
File: pdftex.def 2018/01/08 v1.0l Graphics/color driver for pdftex
))
(/usr/local/texlive/2020/texmf-dist/tex/latex/preprint/fullpage.sty
Package: fullpage 1999/02/23 1.1 (PWD)
\FP@margin=\skip49
)
(/usr/local/texlive/2020/texmf-dist/tex/latex/xcolor/xcolor.sty
Package: xcolor 2016/05/11 v2.12 LaTeX color extensions (UK)

(/usr/local/texlive/2020/texmf-dist/tex/latex/graphics-cfg/color.cfg
File: color.cfg 2016/01/02 v1.6 sample color configuration
)
Package xcolor Info: Driver file: pdftex.def on input line 225.

(/usr/local/texlive/2020/texmf-dist/tex/latex/colortbl/colortbl.sty
Package: colortbl 2020/01/04 v1.0e Color table columns (DPC)

(/usr/local/texlive/2020/texmf-dist/tex/latex/tools/array.sty
Package: array 2019/08/31 v2.4l Tabular extension package (FMi)
\col@sep=\dimen135
\ar@mcellbox=\box45
\extrarowheight=\dimen136
\NC@list=\toks15
\extratabsurround=\skip50
\backup@length=\skip51
\ar@cellbox=\box46
)
\everycr=\toks16
\minrowclearance=\skip52
)
LaTeX Info: Redefining \color on input line 709.
\rownum=\count175
Package xcolor Info: Model `cmy' substituted by `cmy0' on input line 1348.
Package xcolor Info: Model `hsb' substituted by `rgb' on input line 1352.
Package xcolor Info: Model `RGB' extended on input line 1364.
Package xcolor Info: Model `HTML' substituted by `rgb' on input line 1366.
Package xcolor Info: Model `Hsb' substituted by `hsb' on input line 1367.
Package xcolor Info: Model `tHsb' substituted by `hsb' on input line 1368.
Package xcolor Info: Model `HSB' substituted by `hsb' on input line 1369.
Package xcolor Info: Model `Gray' substituted by `gray' on input line 1370.
Package xcolor Info: Model `wave' substituted by `hsb' on input line 1371.
)
(/usr/local/texlive/2020/texmf-dist/tex/latex/makecell/makecell.sty
Package: makecell 2009/08/03 V0.1e Managing of Tab Column Heads and Cells
\rotheadsize=\dimen137
\c@nlinenum=\count176
\TeXr@lab=\toks17
)
(/usr/local/texlive/2020/texmf-dist/tex/latex/tools/hhline.sty
Package: hhline 2020/01/04 v2.04 Table rule package (DPC)
)
(/usr/local/texlive/2020/texmf-dist/tex/latex/graphics/graphicx.sty
Package: graphicx 2019/11/30 v1.2a Enhanced LaTeX Graphics (DPC,SPQR)

(/usr/local/texlive/2020/texmf-dist/tex/latex/graphics/keyval.sty
Package: keyval 2014/10/28 v1.15 key=value parser (DPC)
\KV@toks@=\toks18
)
(/usr/local/texlive/2020/texmf-dist/tex/latex/graphics/graphics.sty
Package: graphics 2019/11/30 v1.4a Standard LaTeX Graphics (DPC,SPQR)

(/usr/local/texlive/2020/texmf-dist/tex/latex/graphics/trig.sty
Package: trig 2016/01/03 v1.10 sin cos tan (DPC)
)
(/usr/local/texlive/2020/texmf-dist/tex/latex/graphics-cfg/graphics.cfg
File: graphics.cfg 2016/06/04 v1.11 sample graphics configuration
)
Package graphics Info: Driver file: pdftex.def on input line 105.
)
\Gin@req@height=\dimen138
\Gin@req@width=\dimen139
)
(/usr/local/texlive/2020/texmf-dist/tex/latex/tools/multicol.sty
Package: multicol 2019/12/09 v1.8y multicolumn formatting (FMi)
\c@tracingmulticols=\count177
\mult@box=\box47
\multicol@leftmargin=\dimen140
\c@unbalance=\count178
\c@collectmore=\count179
\doublecol@number=\count180
\multicoltolerance=\count181
\multicolpretolerance=\count182
\full@width=\dimen141
\page@free=\dimen142
\premulticols=\dimen143
\postmulticols=\dimen144
\multicolsep=\skip53
\multicolbaselineskip=\skip54
\partial@page=\box48
\last@line=\box49
\maxbalancingoverflow=\dimen145
\mult@rightbox=\box50
\mult@grightbox=\box51
\mult@gfirstbox=\box52
\mult@firstbox=\box53
\@tempa=\box54
\@tempa=\box55
\@tempa=\box56
\@tempa=\box57
\@tempa=\box58
\@tempa=\box59
\@tempa=\box60
\@tempa=\box61
\@tempa=\box62
\@tempa=\box63
\@tempa=\box64
\@tempa=\box65
\@tempa=\box66
\@tempa=\box67
\@tempa=\box68
\@tempa=\box69
\@tempa=\box70
\@tempa=\box71
\@tempa=\box72
\@tempa=\box73
\@tempa=\box74
\@tempa=\box75
\@tempa=\box76
\@tempa=\box77
\@tempa=\box78
\@tempa=\box79
\@tempa=\box80
\@tempa=\box81
\@tempa=\box82
\@tempa=\box83
\@tempa=\box84
\@tempa=\box85
\@tempa=\box86
\@tempa=\box87
\@tempa=\box88
\@tempa=\box89
\@tempa=\box90
\c@minrows=\count183
\c@columnbadness=\count184
\c@finalcolumnbadness=\count185
\last@try=\dimen146
\multicolovershoot=\dimen147
\multicolundershoot=\dimen148
\mult@nat@firstbox=\box91
\colbreak@box=\box92
\mc@col@check@num=\count186
)
(/usr/local/texlive/2020/texmf-dist/tex/latex/tools/calc.sty
Package: calc 2017/05/25 v4.3 Infix arithmetic (KKT,FJ)
\calc@Acount=\count187
\calc@Bcount=\count188
\calc@Adimen=\dimen149
\calc@Bdimen=\dimen150
\calc@Askip=\skip55
\calc@Bskip=\skip56
LaTeX Info: Redefining \setlength on input line 80.
LaTeX Info: Redefining \addtolength on input line 81.
\calc@Ccount=\count189
\calc@Cskip=\skip57
)
(/usr/local/texlive/2020/texmf-dist/tex/latex/pgf/frontendlayer/tikz.sty
(/usr/local/texlive/2020/texmf-dist/tex/latex/pgf/basiclayer/pgf.sty
(/usr/local/texlive/2020/texmf-dist/tex/latex/pgf/utilities/pgfrcs.sty
(/usr/local/texlive/2020/texmf-dist/tex/generic/pgf/utilities/pgfutil-common.te
x
\pgfutil@everybye=\toks19
\pgfutil@tempdima=\dimen151
\pgfutil@tempdimb=\dimen152

(/usr/local/texlive/2020/texmf-dist/tex/generic/pgf/utilities/pgfutil-common-li
sts.tex))
(/usr/local/texlive/2020/texmf-dist/tex/generic/pgf/utilities/pgfutil-latex.def
\pgfutil@abb=\box93
(/usr/local/texlive/2020/texmf-dist/tex/latex/ms/everyshi.sty
Package: everyshi 2001/05/15 v3.00 EveryShipout Package (MS)
))
(/usr/local/texlive/2020/texmf-dist/tex/generic/pgf/utilities/pgfrcs.code.tex
(/usr/local/texlive/2020/texmf-dist/tex/generic/pgf/pgf.revision.tex)
Package: pgfrcs 2020/01/08 v3.1.5b (3.1.5b)
))
Package: pgf 2020/01/08 v3.1.5b (3.1.5b)

(/usr/local/texlive/2020/texmf-dist/tex/latex/pgf/basiclayer/pgfcore.sty
(/usr/local/texlive/2020/texmf-dist/tex/latex/pgf/systemlayer/pgfsys.sty
(/usr/local/texlive/2020/texmf-dist/tex/generic/pgf/systemlayer/pgfsys.code.tex
Package: pgfsys 2020/01/08 v3.1.5b (3.1.5b)
(/usr/local/texlive/2020/texmf-dist/tex/generic/pgf/utilities/pgfkeys.code.tex
\pgfkeys@pathtoks=\toks20
\pgfkeys@temptoks=\toks21

(/usr/local/texlive/2020/texmf-dist/tex/generic/pgf/utilities/pgfkeysfiltered.c
ode.tex
\pgfkeys@tmptoks=\toks22
))
\pgf@x=\dimen153
\pgf@y=\dimen154
\pgf@xa=\dimen155
\pgf@ya=\dimen156
\pgf@xb=\dimen157
\pgf@yb=\dimen158
\pgf@xc=\dimen159
\pgf@yc=\dimen160
\pgf@xd=\dimen161
\pgf@yd=\dimen162
\w@pgf@writea=\write3
\r@pgf@reada=\read2
\c@pgf@counta=\count190
\c@pgf@countb=\count191
\c@pgf@countc=\count192
\c@pgf@countd=\count193
\t@pgf@toka=\toks23
\t@pgf@tokb=\toks24
\t@pgf@tokc=\toks25
\pgf@sys@id@count=\count194

(/usr/local/texlive/2020/texmf-dist/tex/generic/pgf/systemlayer/pgf.cfg
File: pgf.cfg 2020/01/08 v3.1.5b (3.1.5b)
)
Driver file for pgf: pgfsys-pdftex.def

(/usr/local/texlive/2020/texmf-dist/tex/generic/pgf/systemlayer/pgfsys-pdftex.d
ef
File: pgfsys-pdftex.def 2020/01/08 v3.1.5b (3.1.5b)

(/usr/local/texlive/2020/texmf-dist/tex/generic/pgf/systemlayer/pgfsys-common-p
df.def
File: pgfsys-common-pdf.def 2020/01/08 v3.1.5b (3.1.5b)
)))
(/usr/local/texlive/2020/texmf-dist/tex/generic/pgf/systemlayer/pgfsyssoftpath.
code.tex
File: pgfsyssoftpath.code.tex 2020/01/08 v3.1.5b (3.1.5b)
\pgfsyssoftpath@smallbuffer@items=\count195
\pgfsyssoftpath@bigbuffer@items=\count196
)
(/usr/local/texlive/2020/texmf-dist/tex/generic/pgf/systemlayer/pgfsysprotocol.
code.tex
File: pgfsysprotocol.code.tex 2020/01/08 v3.1.5b (3.1.5b)
))
(/usr/local/texlive/2020/texmf-dist/tex/generic/pgf/basiclayer/pgfcore.code.tex
Package: pgfcore 2020/01/08 v3.1.5b (3.1.5b)
(/usr/local/texlive/2020/texmf-dist/tex/generic/pgf/math/pgfmath.code.tex
(/usr/local/texlive/2020/texmf-dist/tex/generic/pgf/math/pgfmathcalc.code.tex
(/usr/local/texlive/2020/texmf-dist/tex/generic/pgf/math/pgfmathutil.code.tex)
(/usr/local/texlive/2020/texmf-dist/tex/generic/pgf/math/pgfmathparser.code.tex
\pgfmath@dimen=\dimen163
\pgfmath@count=\count197
\pgfmath@box=\box94
\pgfmath@toks=\toks26
\pgfmath@stack@operand=\toks27
\pgfmath@stack@operation=\toks28
)
(/usr/local/texlive/2020/texmf-dist/tex/generic/pgf/math/pgfmathfunctions.code.
tex
(/usr/local/texlive/2020/texmf-dist/tex/generic/pgf/math/pgfmathfunctions.basic
.code.tex)
(/usr/local/texlive/2020/texmf-dist/tex/generic/pgf/math/pgfmathfunctions.trigo
nometric.code.tex)
(/usr/local/texlive/2020/texmf-dist/tex/generic/pgf/math/pgfmathfunctions.rando
m.code.tex)
(/usr/local/texlive/2020/texmf-dist/tex/generic/pgf/math/pgfmathfunctions.compa
rison.code.tex)
(/usr/local/texlive/2020/texmf-dist/tex/generic/pgf/math/pgfmathfunctions.base.
code.tex)
(/usr/local/texlive/2020/texmf-dist/tex/generic/pgf/math/pgfmathfunctions.round
.code.tex)
(/usr/local/texlive/2020/texmf-dist/tex/generic/pgf/math/pgfmathfunctions.misc.
code.tex)
(/usr/local/texlive/2020/texmf-dist/tex/generic/pgf/math/pgfmathfunctions.integ
erarithmetics.code.tex)))
(/usr/local/texlive/2020/texmf-dist/tex/generic/pgf/math/pgfmathfloat.code.tex
\c@pgfmathroundto@lastzeros=\count198
)) (/usr/local/texlive/2020/texmf-dist/tex/generic/pgf/math/pgfint.code.tex)
(/usr/local/texlive/2020/texmf-dist/tex/generic/pgf/basiclayer/pgfcorepoints.co
de.tex
File: pgfcorepoints.code.tex 2020/01/08 v3.1.5b (3.1.5b)
\pgf@picminx=\dimen164
\pgf@picmaxx=\dimen165
\pgf@picminy=\dimen166
\pgf@picmaxy=\dimen167
\pgf@pathminx=\dimen168
\pgf@pathmaxx=\dimen169
\pgf@pathminy=\dimen170
\pgf@pathmaxy=\dimen171
\pgf@xx=\dimen172
\pgf@xy=\dimen173
\pgf@yx=\dimen174
\pgf@yy=\dimen175
\pgf@zx=\dimen176
\pgf@zy=\dimen177
)
(/usr/local/texlive/2020/texmf-dist/tex/generic/pgf/basiclayer/pgfcorepathconst
ruct.code.tex
File: pgfcorepathconstruct.code.tex 2020/01/08 v3.1.5b (3.1.5b)
\pgf@path@lastx=\dimen178
\pgf@path@lasty=\dimen179
)
(/usr/local/texlive/2020/texmf-dist/tex/generic/pgf/basiclayer/pgfcorepathusage
.code.tex
File: pgfcorepathusage.code.tex 2020/01/08 v3.1.5b (3.1.5b)
\pgf@shorten@end@additional=\dimen180
\pgf@shorten@start@additional=\dimen181
)
(/usr/local/texlive/2020/texmf-dist/tex/generic/pgf/basiclayer/pgfcorescopes.co
de.tex
File: pgfcorescopes.code.tex 2020/01/08 v3.1.5b (3.1.5b)
\pgfpic=\box95
\pgf@hbox=\box96
\pgf@layerbox@main=\box97
\pgf@picture@serial@count=\count199
)
(/usr/local/texlive/2020/texmf-dist/tex/generic/pgf/basiclayer/pgfcoregraphicst
ate.code.tex
File: pgfcoregraphicstate.code.tex 2020/01/08 v3.1.5b (3.1.5b)
\pgflinewidth=\dimen182
)
(/usr/local/texlive/2020/texmf-dist/tex/generic/pgf/basiclayer/pgfcoretransform
ations.code.tex
File: pgfcoretransformations.code.tex 2020/01/08 v3.1.5b (3.1.5b)
\pgf@pt@x=\dimen183
\pgf@pt@y=\dimen184
\pgf@pt@temp=\dimen185
)
(/usr/local/texlive/2020/texmf-dist/tex/generic/pgf/basiclayer/pgfcorequick.cod
e.tex
File: pgfcorequick.code.tex 2020/01/08 v3.1.5b (3.1.5b)
)
(/usr/local/texlive/2020/texmf-dist/tex/generic/pgf/basiclayer/pgfcoreobjects.c
ode.tex
File: pgfcoreobjects.code.tex 2020/01/08 v3.1.5b (3.1.5b)
)
(/usr/local/texlive/2020/texmf-dist/tex/generic/pgf/basiclayer/pgfcorepathproce
ssing.code.tex
File: pgfcorepathprocessing.code.tex 2020/01/08 v3.1.5b (3.1.5b)
)
(/usr/local/texlive/2020/texmf-dist/tex/generic/pgf/basiclayer/pgfcorearrows.co
de.tex
File: pgfcorearrows.code.tex 2020/01/08 v3.1.5b (3.1.5b)
\pgfarrowsep=\dimen186
)
(/usr/local/texlive/2020/texmf-dist/tex/generic/pgf/basiclayer/pgfcoreshade.cod
e.tex
File: pgfcoreshade.code.tex 2020/01/08 v3.1.5b (3.1.5b)
\pgf@max=\dimen187
\pgf@sys@shading@range@num=\count266
\pgf@shadingcount=\count267
)
(/usr/local/texlive/2020/texmf-dist/tex/generic/pgf/basiclayer/pgfcoreimage.cod
e.tex
File: pgfcoreimage.code.tex 2020/01/08 v3.1.5b (3.1.5b)

(/usr/local/texlive/2020/texmf-dist/tex/generic/pgf/basiclayer/pgfcoreexternal.
code.tex
File: pgfcoreexternal.code.tex 2020/01/08 v3.1.5b (3.1.5b)
\pgfexternal@startupbox=\box98
))
(/usr/local/texlive/2020/texmf-dist/tex/generic/pgf/basiclayer/pgfcorelayers.co
de.tex
File: pgfcorelayers.code.tex 2020/01/08 v3.1.5b (3.1.5b)
)
(/usr/local/texlive/2020/texmf-dist/tex/generic/pgf/basiclayer/pgfcoretranspare
ncy.code.tex
File: pgfcoretransparency.code.tex 2020/01/08 v3.1.5b (3.1.5b)
)
(/usr/local/texlive/2020/texmf-dist/tex/generic/pgf/basiclayer/pgfcorepatterns.
code.tex
File: pgfcorepatterns.code.tex 2020/01/08 v3.1.5b (3.1.5b)
)
(/usr/local/texlive/2020/texmf-dist/tex/generic/pgf/basiclayer/pgfcorerdf.code.
tex
File: pgfcorerdf.code.tex 2020/01/08 v3.1.5b (3.1.5b)
)))
(/usr/local/texlive/2020/texmf-dist/tex/generic/pgf/modules/pgfmoduleshapes.cod
e.tex
File: pgfmoduleshapes.code.tex 2020/01/08 v3.1.5b (3.1.5b)
\pgfnodeparttextbox=\box99
)
(/usr/local/texlive/2020/texmf-dist/tex/generic/pgf/modules/pgfmoduleplot.code.
tex
File: pgfmoduleplot.code.tex 2020/01/08 v3.1.5b (3.1.5b)
)
(/usr/local/texlive/2020/texmf-dist/tex/latex/pgf/compatibility/pgfcomp-version
-0-65.sty
Package: pgfcomp-version-0-65 2020/01/08 v3.1.5b (3.1.5b)
\pgf@nodesepstart=\dimen188
\pgf@nodesepend=\dimen189
)
(/usr/local/texlive/2020/texmf-dist/tex/latex/pgf/compatibility/pgfcomp-version
-1-18.sty
Package: pgfcomp-version-1-18 2020/01/08 v3.1.5b (3.1.5b)
))
(/usr/local/texlive/2020/texmf-dist/tex/latex/pgf/utilities/pgffor.sty
(/usr/local/texlive/2020/texmf-dist/tex/latex/pgf/utilities/pgfkeys.sty
(/usr/local/texlive/2020/texmf-dist/tex/generic/pgf/utilities/pgfkeys.code.tex)
) (/usr/local/texlive/2020/texmf-dist/tex/latex/pgf/math/pgfmath.sty
(/usr/local/texlive/2020/texmf-dist/tex/generic/pgf/math/pgfmath.code.tex))
(/usr/local/texlive/2020/texmf-dist/tex/generic/pgf/utilities/pgffor.code.tex
Package: pgffor 2020/01/08 v3.1.5b (3.1.5b)

(/usr/local/texlive/2020/texmf-dist/tex/generic/pgf/math/pgfmath.code.tex)
\pgffor@iter=\dimen190
\pgffor@skip=\dimen191
\pgffor@stack=\toks29
\pgffor@toks=\toks30
))
(/usr/local/texlive/2020/texmf-dist/tex/generic/pgf/frontendlayer/tikz/tikz.cod
e.tex
Package: tikz 2020/01/08 v3.1.5b (3.1.5b)

(/usr/local/texlive/2020/texmf-dist/tex/generic/pgf/libraries/pgflibraryplothan
dlers.code.tex
File: pgflibraryplothandlers.code.tex 2020/01/08 v3.1.5b (3.1.5b)
\pgf@plot@mark@count=\count268
\pgfplotmarksize=\dimen192
)
\tikz@lastx=\dimen193
\tikz@lasty=\dimen194
\tikz@lastxsaved=\dimen195
\tikz@lastysaved=\dimen196
\tikz@lastmovetox=\dimen197
\tikz@lastmovetoy=\dimen198
\tikzleveldistance=\dimen199
\tikzsiblingdistance=\dimen256
\tikz@figbox=\box100
\tikz@figbox@bg=\box101
\tikz@tempbox=\box102
\tikz@tempbox@bg=\box103
\tikztreelevel=\count269
\tikznumberofchildren=\count270
\tikznumberofcurrentchild=\count271
\tikz@fig@count=\count272

(/usr/local/texlive/2020/texmf-dist/tex/generic/pgf/modules/pgfmodulematrix.cod
e.tex
File: pgfmodulematrix.code.tex 2020/01/08 v3.1.5b (3.1.5b)
\pgfmatrixcurrentrow=\count273
\pgfmatrixcurrentcolumn=\count274
\pgf@matrix@numberofcolumns=\count275
)
\tikz@expandcount=\count276

(/usr/local/texlive/2020/texmf-dist/tex/generic/pgf/frontendlayer/tikz/librarie
s/tikzlibrarytopaths.code.tex
File: tikzlibrarytopaths.code.tex 2020/01/08 v3.1.5b (3.1.5b)
)))
(/usr/local/texlive/2020/texmf-dist/tex/generic/pgf/frontendlayer/tikz/librarie
s/tikzlibraryshapes.geometric.code.tex
File: tikzlibraryshapes.geometric.code.tex 2020/01/08 v3.1.5b (3.1.5b)

(/usr/local/texlive/2020/texmf-dist/tex/generic/pgf/libraries/shapes/pgflibrary
shapes.geometric.code.tex
File: pgflibraryshapes.geometric.code.tex 2020/01/08 v3.1.5b (3.1.5b)
))
(/usr/local/texlive/2020/texmf-dist/tex/generic/pgf/frontendlayer/tikz/librarie
s/tikzlibrarypositioning.code.tex
File: tikzlibrarypositioning.code.tex 2020/01/08 v3.1.5b (3.1.5b)
)
(/usr/local/texlive/2020/texmf-dist/tex/generic/pgf/libraries/pgflibraryarrows.
meta.code.tex
File: pgflibraryarrows.meta.code.tex 2020/01/08 v3.1.5b (3.1.5b)
\pgfarrowinset=\dimen257
\pgfarrowlength=\dimen258
\pgfarrowwidth=\dimen259
\pgfarrowlinewidth=\dimen260
)
(/usr/local/texlive/2020/texmf-dist/tex/generic/pgf/frontendlayer/tikz/librarie
s/tikzlibrarycalc.code.tex
File: tikzlibrarycalc.code.tex 2020/01/08 v3.1.5b (3.1.5b)
)
(/usr/local/texlive/2020/texmf-dist/tex/generic/pgf/frontendlayer/tikz/librarie
s/tikzlibraryfit.code.tex
File: tikzlibraryfit.code.tex 2020/01/08 v3.1.5b (3.1.5b)
)
(/usr/local/texlive/2020/texmf-dist/tex/latex/tikzmark/tikzlibrarytikzmark.code
.tex (/usr/local/texlive/2020/texmf-dist/tex/latex/l3kernel/expl3.sty
Package: expl3 2020-03-06 L3 programming layer (loader) 

(/usr/local/texlive/2020/texmf-dist/tex/latex/l3backend/l3backend-pdfmode.def
File: l3backend-pdfmode.def 2020-03-12 L3 backend support: PDF mode
\l__kernel_color_stack_int=\count277
\l__pdf_internal_box=\box104
)) (/usr/local/texlive/2020/texmf-dist/tex/latex/l3packages/l3keys2e/l3keys2e.s
ty
Package: l3keys2e 2020-03-06 LaTeX2e option processing using LaTeX3 keys
) (/usr/local/texlive/2020/texmf-dist/tex/latex/l3packages/xparse/xparse.sty
Package: xparse 2020-03-06 L3 Experimental document command parser
\l__xparse_current_arg_int=\count278
\g__xparse_grabber_int=\count279
\l__xparse_m_args_int=\count280
\l__xparse_v_nesting_int=\count281
)
\l__sn_x_dim=\dimen261
\l__sn_y_dim=\dimen262
\l__sn_xa_dim=\dimen263
\l__sn_ya_dim=\dimen264
)
(/usr/local/texlive/2020/texmf-dist/tex/latex/verbatimbox/verbatimbox.sty
Package: verbatimbox 2014/03/12 v3.13 Routines for placing verbatim text into b
oxes, useful in places where the verbatim environment is inaccessible. Secondar
ily, for adding vertical buffer around an object.

(/usr/local/texlive/2020/texmf-dist/tex/latex/tools/verbatim.sty
Package: verbatim 2019/11/10 v1.5r LaTeX2e package for verbatim enhancements
\every@verbatim=\toks31
\verbatim@line=\toks32
\verbatim@in@stream=\read3
)
(/usr/local/texlive/2020/texmf-dist/tex/latex/readarray/readarray.sty
Package: readarray 2016/11/07\ 2.0\ Routines for inputting 2D and 3D array data
 and recalling it on an element-by-element basis.

(/usr/local/texlive/2020/texmf-dist/tex/latex/base/ifthen.sty
Package: ifthen 2014/09/29 v1.1c Standard LaTeX ifthen package (DPC)
)
(/usr/local/texlive/2020/texmf-dist/tex/generic/listofitems/listofitems.sty
(/usr/local/texlive/2020/texmf-dist/tex/generic/listofitems/listofitems.tex
\loi_cnt_foreach_nest=\count282
\loi_nestcnt=\count283
)
Package: listofitems 2019/08/21 v1.63 Grab items in lists using user-specified 
sep char (CT)
)
\c@@index=\count284
\c@@plane=\count285
\c@@row=\count286
\c@@col=\count287
\c@use@args=\count288
\c@@record=\count289
\c@arg@index=\count290
\c@break@count=\count291
\c@index@count=\count292
\c@loop@count=\count293
\Arg@toks=\toks33
\@arrayident@toks=\toks34
\rdar@file=\read4

readarray: bounds checking OFF
)
\savedverbbox=\box105
\c@VerbboxLineNo=\count294
\boxtopsep=\dimen265
\boxbottomsep=\dimen266
\ps@tempdima=\dimen267
\ps@tempboxa=\box106
\boxtop@sep=\skip58
\boxbottom@sep=\skip59
) (/usr/local/texlive/2020/texmf-dist/tex/latex/adjustbox/adjustbox.sty
Package: adjustbox 2019/01/04 v1.2 Adjusting TeX boxes (trim, clip, ...)

(/usr/local/texlive/2020/texmf-dist/tex/latex/xkeyval/xkeyval.sty
Package: xkeyval 2014/12/03 v2.7a package option processing (HA)

(/usr/local/texlive/2020/texmf-dist/tex/generic/xkeyval/xkeyval.tex
(/usr/local/texlive/2020/texmf-dist/tex/generic/xkeyval/xkvutils.tex
\XKV@toks=\toks35
\XKV@tempa@toks=\toks36
)
\XKV@depth=\count295
File: xkeyval.tex 2014/12/03 v2.7a key=value parser (HA)
))
(/usr/local/texlive/2020/texmf-dist/tex/latex/adjustbox/adjcalc.sty
Package: adjcalc 2012/05/16 v1.1 Provides advanced setlength with multiple back
-ends (calc, etex, pgfmath)
)
(/usr/local/texlive/2020/texmf-dist/tex/latex/adjustbox/trimclip.sty
Package: trimclip 2018/04/08 v1.1 Trim and clip general TeX material

(/usr/local/texlive/2020/texmf-dist/tex/latex/collectbox/collectbox.sty
Package: collectbox 2012/05/17 v0.4b Collect macro arguments as boxes
\collectedbox=\box107
)
\tc@llx=\dimen268
\tc@lly=\dimen269
\tc@urx=\dimen270
\tc@ury=\dimen271
Package trimclip Info: Using driver 'tc-pdftex.def'.

(/usr/local/texlive/2020/texmf-dist/tex/latex/adjustbox/tc-pdftex.def
File: tc-pdftex.def 2019/01/04 v2.2 Clipping driver for pdftex
))
\adjbox@Width=\dimen272
\adjbox@Height=\dimen273
\adjbox@Depth=\dimen274
\adjbox@Totalheight=\dimen275
\adjbox@pwidth=\dimen276
\adjbox@pheight=\dimen277
\adjbox@pdepth=\dimen278
\adjbox@ptotalheight=\dimen279

(/usr/local/texlive/2020/texmf-dist/tex/latex/ifoddpage/ifoddpage.sty
Package: ifoddpage 2016/04/23 v1.1 Conditionals for odd/even page detection
\c@checkoddpage=\count296
)
(/usr/local/texlive/2020/texmf-dist/tex/latex/varwidth/varwidth.sty
Package: varwidth 2009/03/30 ver 0.92;  Variable-width minipages
\@vwid@box=\box108
\sift@deathcycles=\count297
\@vwid@loff=\dimen280
\@vwid@roff=\dimen281
))
(/usr/local/texlive/2020/texmf-dist/tex/latex/tcolorbox/tcolorbox.sty
Package: tcolorbox 2019/11/15 version 4.22 text color boxes

(/usr/local/texlive/2020/texmf-dist/tex/latex/environ/environ.sty
Package: environ 2014/05/04 v0.3 A new way to define environments

(/usr/local/texlive/2020/texmf-dist/tex/latex/trimspaces/trimspaces.sty
Package: trimspaces 2009/09/17 v1.1 Trim spaces around a token list
)
\@envbody=\toks37
)
(/usr/local/texlive/2020/texmf-dist/tex/latex/etoolbox/etoolbox.sty
Package: etoolbox 2019/09/21 v2.5h e-TeX tools for LaTeX (JAW)
\etb@tempcnta=\count298
)
\tcb@titlebox=\box109
\tcb@upperbox=\box110
\tcb@lowerbox=\box111
\tcb@phantombox=\box112
\c@tcbbreakpart=\count299
\c@tcblayer=\count300
\tcolorbox@number=\count301
\tcb@temp=\box113
\tcb@temp=\box114
\tcb@temp=\box115
\tcb@temp=\box116
\tcb@out=\write4
\tcb@record@out=\write5
)
(/usr/local/texlive/2020/texmf-dist/tex/latex/tcolorbox/tcbtheorems.code.tex
Library (tcolorbox): 'tcbtheorems.code.tex' version '4.22'
(/usr/local/texlive/2020/texmf-dist/tex/latex/amsmath/amsmath.sty
Package: amsmath 2020/01/20 v2.17e AMS math features
\@mathmargin=\skip60

For additional information on amsmath, use the `?' option.
(/usr/local/texlive/2020/texmf-dist/tex/latex/amsmath/amstext.sty
Package: amstext 2000/06/29 v2.01 AMS text

(/usr/local/texlive/2020/texmf-dist/tex/latex/amsmath/amsgen.sty
File: amsgen.sty 1999/11/30 v2.0 generic functions
\@emptytoks=\toks38
\ex@=\dimen282
))
(/usr/local/texlive/2020/texmf-dist/tex/latex/amsmath/amsbsy.sty
Package: amsbsy 1999/11/29 v1.2d Bold Symbols
\pmbraise@=\dimen283
)
(/usr/local/texlive/2020/texmf-dist/tex/latex/amsmath/amsopn.sty
Package: amsopn 2016/03/08 v2.02 operator names
)
\inf@bad=\count302
LaTeX Info: Redefining \frac on input line 227.
\uproot@=\count303
\leftroot@=\count304
LaTeX Info: Redefining \overline on input line 389.
\classnum@=\count305
\DOTSCASE@=\count306
LaTeX Info: Redefining \ldots on input line 486.
LaTeX Info: Redefining \dots on input line 489.
LaTeX Info: Redefining \cdots on input line 610.
\Mathstrutbox@=\box117
\strutbox@=\box118
\big@size=\dimen284
LaTeX Font Info:    Redeclaring font encoding OML on input line 733.
LaTeX Font Info:    Redeclaring font encoding OMS on input line 734.
\macc@depth=\count307
\c@MaxMatrixCols=\count308
\dotsspace@=\muskip16
\c@parentequation=\count309
\dspbrk@lvl=\count310
\tag@help=\toks39
\row@=\count311
\column@=\count312
\maxfields@=\count313
\andhelp@=\toks40
\eqnshift@=\dimen285
\alignsep@=\dimen286
\tagshift@=\dimen287
\tagwidth@=\dimen288
\totwidth@=\dimen289
\lineht@=\dimen290
\@envbody=\toks41
\multlinegap=\skip61
\multlinetaggap=\skip62
\mathdisplay@stack=\toks42
LaTeX Info: Redefining \[ on input line 2859.
LaTeX Info: Redefining \] on input line 2860.
))
(/usr/local/texlive/2020/texmf-dist/tex/latex/tcolorbox/tcbfitting.code.tex
Library (tcolorbox): 'tcbfitting.code.tex' version '4.22'
\tcbfitdim=\dimen291
\tcb@lowerfitdim=\dimen292
\tcb@upperfitdim=\dimen293
\tcb@cur@hbadness=\count314
) (/usr/local/texlive/2020/texmf-dist/tex/latex/geometry/geometry.sty
Package: geometry 2020/01/02 v5.9 Page Geometry

(/usr/local/texlive/2020/texmf-dist/tex/generic/iftex/ifvtex.sty
Package: ifvtex 2019/10/25 v1.7 ifvtex legacy package. Use iftex instead.

(/usr/local/texlive/2020/texmf-dist/tex/generic/iftex/iftex.sty
Package: iftex 2020/03/06 v1.0d TeX engine tests
))
\Gm@cnth=\count315
\Gm@cntv=\count316
\c@Gm@tempcnt=\count317
\Gm@bindingoffset=\dimen294
\Gm@wd@mp=\dimen295
\Gm@odd@mp=\dimen296
\Gm@even@mp=\dimen297
\Gm@layoutwidth=\dimen298
\Gm@layoutheight=\dimen299
\Gm@layouthoffset=\dimen300
\Gm@layoutvoffset=\dimen301
\Gm@dimlist=\toks43
)
(/usr/local/texlive/2020/texmf-dist/tex/latex/fancyvrb/fancyvrb.sty
Package: fancyvrb 2020/01/13 v3.5 verbatim text (tvz,hv)
\FV@CodeLineNo=\count318
\FV@InFile=\read5
\FV@TabBox=\box119
\c@FancyVerbLine=\count319
\FV@StepNumber=\count320
\FV@OutFile=\write6
)
(/usr/local/texlive/2020/texmf-dist/tex/latex/listings/listings.sty
\lst@mode=\count321
\lst@gtempboxa=\box120
\lst@token=\toks44
\lst@length=\count322
\lst@currlwidth=\dimen302
\lst@column=\count323
\lst@pos=\count324
\lst@lostspace=\dimen303
\lst@width=\dimen304
\lst@newlines=\count325
\lst@lineno=\count326
\lst@maxwidth=\dimen305

(/usr/local/texlive/2020/texmf-dist/tex/latex/listings/lstmisc.sty
File: lstmisc.sty 2020/03/24 1.8d (Carsten Heinz)
\c@lstnumber=\count327
\lst@skipnumbers=\count328
\lst@framebox=\box121
)
(/usr/local/texlive/2020/texmf-dist/tex/latex/listings/listings.cfg
File: listings.cfg 2020/03/24 1.8d listings configuration
))
Package: listings 2020/03/24 1.8d (Carsten Heinz)

(/usr/local/texlive/2020/texmf-dist/tex/latex/datetime/datetime.sty
Package: datetime 2015/03/20 v2.60 Date Time Package

(/usr/local/texlive/2020/texmf-dist/tex/latex/fmtcount/fmtcount.sty
Package: fmtcount 2020/01/30 v3.07

(/usr/local/texlive/2020/texmf-dist/tex/latex/fmtcount/fcprefix.sty
Package: fcprefix 2012/09/28

(/usr/local/texlive/2020/texmf-dist/tex/latex/fmtcount/fcnumparser.sty
Package: fcnumparser 2017/06/15
\fc@digit@counter=\count329
))
\c@padzeroesN=\count330
\fc@tmpcatcode=\count331
\@DT@modctr=\count332
\@ordinalctr=\count333
\@orgargctr=\count334
\@strctr=\count335
\@tmpstrctr=\count336
\@DT@loopN=\count337
\@DT@X=\count338
)
(/usr/local/texlive/2020/texmf-dist/tex/latex/datetime/datetime-defaults.sty
Package: datetime-defaults 2013/09/10
)
\@day=\count339
\@month=\count340
\@year=\count341
\c@HOUR=\count342
\c@HOURXII=\count343
\c@MINUTE=\count344
\c@TOHOUR=\count345
\c@TOMINUTE=\count346
\c@SECOND=\count347
\currenthour=\count348
\currentminute=\count349
\currentsecond=\count350
Package datetime Info: No datetime.cfg file found, using default settings on in
put line 308.
\@dtctr=\count351
\dayofyear=\count352
\dayofweek=\count353
LaTeX Info: Redefining \today on input line 736.
\dt@a=\toks45
\dt@b=\toks46
)
(/usr/local/texlive/2020/texmf-dist/tex/latex/tocloft/tocloft.sty
Package: tocloft 2017/08/31 v2.3i parameterised ToC, etc., typesetting
Package tocloft Info: The document has section divisions on input line 51.
\cftparskip=\skip63
\cftbeforetoctitleskip=\skip64
\cftaftertoctitleskip=\skip65
\cftbeforepartskip=\skip66
\cftpartnumwidth=\skip67
\cftpartindent=\skip68
\cftbeforesecskip=\skip69
\cftsecindent=\skip70
\cftsecnumwidth=\skip71
\cftbeforesubsecskip=\skip72
\cftsubsecindent=\skip73
\cftsubsecnumwidth=\skip74
\cftbeforesubsubsecskip=\skip75
\cftsubsubsecindent=\skip76
\cftsubsubsecnumwidth=\skip77
\cftbeforeparaskip=\skip78
\cftparaindent=\skip79
\cftparanumwidth=\skip80
\cftbeforesubparaskip=\skip81
\cftsubparaindent=\skip82
\cftsubparanumwidth=\skip83
\cftbeforeloftitleskip=\skip84
\cftafterloftitleskip=\skip85
\cftbeforefigskip=\skip86
\cftfigindent=\skip87
\cftfignumwidth=\skip88
\c@lofdepth=\count354
\c@lotdepth=\count355
\cftbeforelottitleskip=\skip89
\cftafterlottitleskip=\skip90
\cftbeforetabskip=\skip91
\cfttabindent=\skip92
\cfttabnumwidth=\skip93
)
(/usr/local/texlive/2020/texmf-dist/tex/latex/hyperref/hyperref.sty
Package: hyperref 2020/01/14 v7.00d Hypertext links for LaTeX

(/usr/local/texlive/2020/texmf-dist/tex/generic/ltxcmds/ltxcmds.sty
Package: ltxcmds 2019/12/15 v1.24 LaTeX kernel commands for general use (HO)
)
(/usr/local/texlive/2020/texmf-dist/tex/latex/pdftexcmds/pdftexcmds.sty
Package: pdftexcmds 2019/11/24 v0.31 Utility functions of pdfTeX for LuaTeX (HO
)

(/usr/local/texlive/2020/texmf-dist/tex/generic/infwarerr/infwarerr.sty
Package: infwarerr 2019/12/03 v1.5 Providing info/warning/error messages (HO)
)
Package pdftexcmds Info: \pdf@primitive is available.
Package pdftexcmds Info: \pdf@ifprimitive is available.
Package pdftexcmds Info: \pdfdraftmode found.
)
(/usr/local/texlive/2020/texmf-dist/tex/generic/kvsetkeys/kvsetkeys.sty
Package: kvsetkeys 2019/12/15 v1.18 Key value parser (HO)
)
(/usr/local/texlive/2020/texmf-dist/tex/generic/kvdefinekeys/kvdefinekeys.sty
Package: kvdefinekeys 2019-12-19 v1.6 Define keys (HO)
)
(/usr/local/texlive/2020/texmf-dist/tex/generic/pdfescape/pdfescape.sty
Package: pdfescape 2019/12/09 v1.15 Implements pdfTeX's escape features (HO)
)
(/usr/local/texlive/2020/texmf-dist/tex/latex/hycolor/hycolor.sty
Package: hycolor 2020-01-27 v1.10 Color options for hyperref/bookmark (HO)
)
(/usr/local/texlive/2020/texmf-dist/tex/latex/letltxmacro/letltxmacro.sty
Package: letltxmacro 2019/12/03 v1.6 Let assignment for LaTeX macros (HO)
)
(/usr/local/texlive/2020/texmf-dist/tex/latex/auxhook/auxhook.sty
Package: auxhook 2019-12-17 v1.6 Hooks for auxiliary files (HO)
)
(/usr/local/texlive/2020/texmf-dist/tex/latex/kvoptions/kvoptions.sty
Package: kvoptions 2019/11/29 v3.13 Key value format for package options (HO)
)
\@linkdim=\dimen306
\Hy@linkcounter=\count356
\Hy@pagecounter=\count357

(/usr/local/texlive/2020/texmf-dist/tex/latex/hyperref/pd1enc.def
File: pd1enc.def 2020/01/14 v7.00d Hyperref: PDFDocEncoding definition (HO)
Now handling font encoding PD1 ...
... no UTF-8 mapping file for font encoding PD1
)
(/usr/local/texlive/2020/texmf-dist/tex/generic/intcalc/intcalc.sty
Package: intcalc 2019/12/15 v1.3 Expandable calculations with integers (HO)
)
(/usr/local/texlive/2020/texmf-dist/tex/generic/etexcmds/etexcmds.sty
Package: etexcmds 2019/12/15 v1.7 Avoid name clashes with e-TeX commands (HO)
)
\Hy@SavedSpaceFactor=\count358
Package hyperref Info: Hyper figures OFF on input line 4547.
Package hyperref Info: Link nesting OFF on input line 4552.
Package hyperref Info: Hyper index ON on input line 4555.
Package hyperref Info: Plain pages OFF on input line 4562.
Package hyperref Info: Backreferencing OFF on input line 4567.
Package hyperref Info: Implicit mode ON; LaTeX internals redefined.
Package hyperref Info: Bookmarks ON on input line 4800.
\c@Hy@tempcnt=\count359

(/usr/local/texlive/2020/texmf-dist/tex/latex/url/url.sty
\Urlmuskip=\muskip17
Package: url 2013/09/16  ver 3.4  Verb mode for urls, etc.
)
LaTeX Info: Redefining \url on input line 5159.
\XeTeXLinkMargin=\dimen307

(/usr/local/texlive/2020/texmf-dist/tex/generic/bitset/bitset.sty
Package: bitset 2019/12/09 v1.3 Handle bit-vector datatype (HO)

(/usr/local/texlive/2020/texmf-dist/tex/generic/bigintcalc/bigintcalc.sty
Package: bigintcalc 2019/12/15 v1.5 Expandable calculations on big integers (HO
)
))
\Fld@menulength=\count360
\Field@Width=\dimen308
\Fld@charsize=\dimen309
Package hyperref Info: Hyper figures OFF on input line 6430.
Package hyperref Info: Link nesting OFF on input line 6435.
Package hyperref Info: Hyper index ON on input line 6438.
Package hyperref Info: backreferencing OFF on input line 6445.
Package hyperref Info: Link coloring OFF on input line 6450.
Package hyperref Info: Link coloring with OCG OFF on input line 6455.
Package hyperref Info: PDF/A mode OFF on input line 6460.
LaTeX Info: Redefining \ref on input line 6500.
LaTeX Info: Redefining \pageref on input line 6504.

(/usr/local/texlive/2020/texmf-dist/tex/generic/atbegshi/atbegshi.sty
Package: atbegshi 2019/12/05 v1.19 At begin shipout hook (HO)
)
\Hy@abspage=\count361
\c@Item=\count362
\c@Hfootnote=\count363
)
Package hyperref Info: Driver (autodetected): hpdftex.

(/usr/local/texlive/2020/texmf-dist/tex/latex/hyperref/hpdftex.def
File: hpdftex.def 2020/01/14 v7.00d Hyperref driver for pdfTeX

(/usr/local/texlive/2020/texmf-dist/tex/latex/atveryend/atveryend.sty
Package: atveryend 2019-12-11 v1.11 Hooks at the very end of document (HO)
)
\Fld@listcount=\count364
\c@bookmark@seq@number=\count365

(/usr/local/texlive/2020/texmf-dist/tex/latex/rerunfilecheck/rerunfilecheck.sty
Package: rerunfilecheck 2019/12/05 v1.9 Rerun checks for auxiliary files (HO)

(/usr/local/texlive/2020/texmf-dist/tex/generic/uniquecounter/uniquecounter.sty
Package: uniquecounter 2019/12/15 v1.4 Provide unlimited unique counter (HO)
)
Package uniquecounter Info: New unique counter `rerunfilecheck' on input line 2
86.
)
\Hy@SectionHShift=\skip94
) (/usr/local/texlive/2020/texmf-dist/tex/latex/fancyhdr/fancyhdr.sty
Package: fancyhdr 2019/01/31 v3.10 Extensive control of page headers and footer
s
\f@nch@headwidth=\skip95
\f@nch@O@elh=\skip96
\f@nch@O@erh=\skip97
\f@nch@O@olh=\skip98
\f@nch@O@orh=\skip99
\f@nch@O@elf=\skip100
\f@nch@O@erf=\skip101
\f@nch@O@olf=\skip102
\f@nch@O@orf=\skip103
)
(./Lecture Slides.aux)
\openout1 = `"Lecture Slides.aux"'.

LaTeX Font Info:    Checking defaults for OML/cmm/m/it on input line 59.
LaTeX Font Info:    ... okay on input line 59.
LaTeX Font Info:    Checking defaults for OMS/cmsy/m/n on input line 59.
LaTeX Font Info:    ... okay on input line 59.
LaTeX Font Info:    Checking defaults for OT1/cmr/m/n on input line 59.
LaTeX Font Info:    ... okay on input line 59.
LaTeX Font Info:    Checking defaults for T1/cmr/m/n on input line 59.
LaTeX Font Info:    ... okay on input line 59.
LaTeX Font Info:    Checking defaults for TS1/cmr/m/n on input line 59.
LaTeX Font Info:    ... okay on input line 59.
LaTeX Font Info:    Checking defaults for OMX/cmex/m/n on input line 59.
LaTeX Font Info:    ... okay on input line 59.
LaTeX Font Info:    Checking defaults for U/cmr/m/n on input line 59.
LaTeX Font Info:    ... okay on input line 59.
LaTeX Font Info:    Checking defaults for PD1/pdf/m/n on input line 59.
LaTeX Font Info:    ... okay on input line 59.

(/usr/local/texlive/2020/texmf-dist/tex/context/base/mkii/supp-pdf.mkii
[Loading MPS to PDF converter (version 2006.09.02).]
\scratchcounter=\count366
\scratchdimen=\dimen310
\scratchbox=\box122
\nofMPsegments=\count367
\nofMParguments=\count368
\everyMPshowfont=\toks47
\MPscratchCnt=\count369
\MPscratchDim=\dimen311
\MPnumerator=\count370
\makeMPintoPDFobject=\count371
\everyMPtoPDFconversion=\toks48
) (/usr/local/texlive/2020/texmf-dist/tex/latex/epstopdf-pkg/epstopdf-base.sty
Package: epstopdf-base 2020-01-24 v2.11 Base part for package epstopdf
Package epstopdf-base Info: Redefining graphics rule for `.eps' on input line 4
85.

(/usr/local/texlive/2020/texmf-dist/tex/latex/latexconfig/epstopdf-sys.cfg
File: epstopdf-sys.cfg 2010/07/13 v1.3 Configuration of (r)epstopdf for TeX Liv
e
))
ABD: EveryShipout initializing macros
*geometry* driver: auto-detecting
*geometry* detected driver: pdftex
*geometry* verbose mode - [ preamble ] result:
* driver: pdftex
* paper: <default>
* layout: <same size as paper>
* layoutoffset:(h,v)=(0.0pt,0.0pt)
* modes: 
* h-part:(L,W,R)=(36.135pt, 542.02501pt, 36.135pt)
* v-part:(T,H,B)=(36.135pt, 715.47256pt, 43.36243pt)
* \paperwidth=614.295pt
* \paperheight=794.96999pt
* \textwidth=542.02501pt
* \textheight=715.47256pt
* \oddsidemargin=-36.135pt
* \evensidemargin=-36.135pt
* \topmargin=-36.135pt
* \headheight=0.0pt
* \headsep=0.0pt
* \topskip=11.0pt
* \footskip=30.0pt
* \marginparwidth=59.0pt
* \marginparsep=10.0pt
* \columnsep=10.0pt
* \skip\footins=10.0pt plus 4.0pt minus 2.0pt
* \hoffset=0.0pt
* \voffset=0.0pt
* \mag=1000
* \@twocolumnfalse
* \@twosidefalse
* \@mparswitchfalse
* \@reversemarginfalse
* (1in=72.27pt=25.4mm, 1cm=28.453pt)

\c@lstlisting=\count372
(/usr/local/texlive/2020/texmf-dist/tex/latex/fmtcount/fc-english.def
File: fc-english.def 2016/01/12
)
\AtBeginShipoutBox=\box123
Package hyperref Info: Link coloring OFF on input line 59.

(/usr/local/texlive/2020/texmf-dist/tex/latex/hyperref/nameref.sty
Package: nameref 2019/09/16 v2.46 Cross-referencing by name of section

(/usr/local/texlive/2020/texmf-dist/tex/latex/refcount/refcount.sty
Package: refcount 2019/12/15 v3.6 Data extraction from label references (HO)
)
(/usr/local/texlive/2020/texmf-dist/tex/generic/gettitlestring/gettitlestring.s
ty
Package: gettitlestring 2019/12/15 v1.6 Cleanup title references (HO)
)
\c@section@level=\count373
)
LaTeX Info: Redefining \ref on input line 59.
LaTeX Info: Redefining \pageref on input line 59.
LaTeX Info: Redefining \nameref on input line 59.
 (./Lecture Slides.out) (./Lecture Slides.out)
\@outlinefile=\write7
\openout7 = `"Lecture Slides.out"'.

LaTeX Font Info:    Trying to load font information for TS1+cmss on input line 
61.

(/usr/local/texlive/2020/texmf-dist/tex/latex/base/ts1cmss.fd
File: ts1cmss.fd 2019/12/16 v2.5j Standard LaTeX font definitions
)
(./Lecture Slides.toc)
\tf@toc=\write8
\openout8 = `"Lecture Slides.toc"'.

 [1

{/usr/local/texlive/2020/texmf-var/fonts/map/pdftex/updmap/pdftex.map}] (./Lec1
.tex
LaTeX Font Info:    Font shape `OT1/cmss/m/it' in size <10.95> not available
(Font)              Font shape `OT1/cmss/m/sl' tried instead on input line 71.
pdfTeX warning (ext4): destination with the same identifier (name{page.1}) has 
been already used, duplicate ignored
<to be read again> 
                   \relax 
l.89 			\newpage
                 [1

]
Underfull \hbox (badness 10000) in paragraph at lines 92--93

 []


Underfull \hbox (badness 10000) in paragraph at lines 98--99

 []


Underfull \hbox (badness 10000) in paragraph at lines 101--102

 []


Underfull \hbox (badness 10000) in paragraph at lines 103--104

 []

[2]) [3] (./Lec2.tex
Underfull \hbox (badness 10000) in paragraph at lines 34--35

 []

[4]

LaTeX Font Warning: Font shape `OT1/cmss/bx/it' undefined
(Font)              using `OT1/cmss/bx/n' instead on input line 151.

[5]
<Pictures/array.png, id=109, 336.25626pt x 135.50626pt>
File: Pictures/array.png Graphic file (type png)
<use Pictures/array.png>
Package pdftex.def Info: Pictures/array.png  used on input line 224.
(pdftex.def)             Requested size: 302.62782pt x 121.95448pt.
) [6 <./Pictures/array.png>] (./Lec3.tex [7] [8]) [9] (./Lec4.tex
<Pictures/Interface.png, id=135, 669.50125pt x 186.6975pt>
File: Pictures/Interface.png Graphic file (type png)
<use Pictures/Interface.png>
Package pdftex.def Info: Pictures/Interface.png  used on input line 23.
(pdftex.def)             Requested size: 468.64769pt x 130.68735pt.
 [10 <./Pictures/Interface.png>]
(/usr/local/texlive/2020/texmf-dist/tex/latex/listings/lstlang1.sty
File: lstlang1.sty 2020/03/24 1.8d listings language file
) [11])
[12] (./Lec5.tex [13]
<Pictures/FEF.png, id=196, 620.3175pt x 278.03876pt>
File: Pictures/FEF.png Graphic file (type png)
<use Pictures/FEF.png>
Package pdftex.def Info: Pictures/FEF.png  used on input line 128.
(pdftex.def)             Requested size: 434.2193pt x 194.6258pt.
 [14 <./Pictures/FEF.png>]
<Pictures/RIPR.png, id=202, 405.515pt x 246.9225pt>
File: Pictures/RIPR.png Graphic file (type png)
<use Pictures/RIPR.png>
Package pdftex.def Info: Pictures/RIPR.png  used on input line 141.
(pdftex.def)             Requested size: 283.85855pt x 172.84456pt.

Overfull \hbox (51.46509pt too wide) in paragraph at lines 181--181
 []\OT1/cmtt/m/n/10 if (x < y) 
 []


Overfull \hbox (51.46509pt too wide) in paragraph at lines 182--182
 []\OT1/cmtt/m/n/10 { 
 []


Overfull \hbox (51.46509pt too wide) in paragraph at lines 183--183
 []  \OT1/cmtt/m/n/10 y = 0; 
 []


Overfull \hbox (51.46509pt too wide) in paragraph at lines 184--184
 []  \OT1/cmtt/m/n/10 x = x + 1; 
 []


Overfull \hbox (51.46509pt too wide) in paragraph at lines 185--185
 []\OT1/cmtt/m/n/10 } 
 []


Overfull \hbox (51.46509pt too wide) in paragraph at lines 186--186
 []\OT1/cmtt/m/n/10 else 
 []


Overfull \hbox (51.46509pt too wide) in paragraph at lines 187--187
 []\OT1/cmtt/m/n/10 { 
 []


Overfull \hbox (51.46509pt too wide) in paragraph at lines 188--188
 []  \OT1/cmtt/m/n/10 x = y; 
 []


Overfull \hbox (51.46509pt too wide) in paragraph at lines 189--189
 []\OT1/cmtt/m/n/10 } 
 []

[15 <./Pictures/RIPR.png>] [16]) [17] (./Lec6.tex
Underfull \hbox (badness 10000) in paragraph at lines 84--85

 []


Underfull \hbox (badness 10000) in paragraph at lines 102--103

 []

<Pictures/Facad.png, id=226, 270.00874pt x 198.7425pt>
File: Pictures/Facad.png Graphic file (type png)
<use Pictures/Facad.png>
Package pdftex.def Info: Pictures/Facad.png  used on input line 104.
(pdftex.def)             Requested size: 216.00728pt x 158.9942pt.
[18]
LaTeX Font Info:    Trying to load font information for OMS+cmss on input line 
165.
LaTeX Font Info:    No file OMScmss.fd. on input line 165.


LaTeX Font Warning: Font shape `OMS/cmss/m/n' undefined
(Font)              using `OMS/cmsy/m/n' instead
(Font)              for symbol `textbraceleft' on input line 165.

) [19 <./Pictures/Facad.png>] (./Lec7.tex
Underfull \hbox (badness 10000) in paragraph at lines 21--22

 []

<Pictures/SRPViolation.png, id=263, 456.70625pt x 136.51pt>
File: Pictures/SRPViolation.png Graphic file (type png)
<use Pictures/SRPViolation.png>
Package pdftex.def Info: Pictures/SRPViolation.png  used on input line 23.
(pdftex.def)             Requested size: 294.33894pt x 87.98056pt.
<Pictures/SRPConform.png, id=264, 383.4325pt x 160.6pt>
File: Pictures/SRPConform.png Graphic file (type png)
<use Pictures/SRPConform.png>
Package pdftex.def Info: Pictures/SRPConform.png  used on input line 27.
(pdftex.def)             Requested size: 245.27995pt x 102.73708pt.

Overfull \hbox (74.3749pt too wide) in paragraph at lines 46--65
[]$[]$ $[]$ 
 []


Underfull \hbox (badness 10000) in paragraph at lines 68--69

 []


Overfull \hbox (53.8984pt too wide) in paragraph at lines 67--86
[]$[]$ $[]$ 
 []

[20 <./Pictures/SRPViolation.png> <./Pictures/SRPConform.png>]
Underfull \hbox (badness 10000) in paragraph at lines 133--135

 []


Underfull \hbox (badness 10000) in paragraph at lines 157--159

 []


Overfull \hbox (53.8984pt too wide) in paragraph at lines 131--195
[] [] 
 []

[21]
Overfull \hbox (3.11848pt too wide) in paragraph at lines 218--219
 [][] 
 []


Overfull \hbox (1.56021pt too wide) in paragraph at lines 253--253
 [][] 
 []


Overfull \hbox (53.8984pt too wide) in paragraph at lines 206--294
[] [] 
 []

) [22] (./Lec8.tex
<Pictures/SDLCCircle.png, id=287, 258.9675pt x 221.82875pt>
File: Pictures/SDLCCircle.png Graphic file (type png)
<use Pictures/SDLCCircle.png>
Package pdftex.def Info: Pictures/SDLCCircle.png  used on input line 19.
(pdftex.def)             Requested size: 181.27599pt x 155.27905pt.

Overfull \hbox (2.40675pt too wide) in paragraph at lines 19--20
[][] 
 []


Overfull \hbox (21.3989pt too wide) in paragraph at lines 6--21
$[]$ $[]$ $[]$ 
 []

<Pictures/Waterfall.png, id=288, 419.5675pt x 200.75pt>
File: Pictures/Waterfall.png Graphic file (type png)
<use Pictures/Waterfall.png>
Package pdftex.def Info: Pictures/Waterfall.png  used on input line 36.
(pdftex.def)             Requested size: 209.78323pt x 100.37474pt.
<Pictures/Spiral.png, id=289, 199.74625pt x 192.72pt>
File: Pictures/Spiral.png Graphic file (type png)
<use Pictures/Spiral.png>
Package pdftex.def Info: Pictures/Spiral.png  used on input line 47.
(pdftex.def)             Requested size: 99.87288pt x 96.35976pt.

Overfull \hbox (29.80838pt too wide) in paragraph at lines 39--49
[]$ $[]$ 
 []

[23 <./Pictures/SDLCCircle.png> <./Pictures/Waterfall.png> <./Pictures/Spiral.p
ng>]
Underfull \hbox (badness 10000) in paragraph at lines 109--110

 []

<Pictures/Scrum.png, id=297, 451.6875pt x 199.74625pt>
File: Pictures/Scrum.png Graphic file (type png)
<use Pictures/Scrum.png>
Package pdftex.def Info: Pictures/Scrum.png  used on input line 112.
(pdftex.def)             Requested size: 225.84319pt x 99.87288pt.
[24 <./Pictures/Scrum.png>]

LaTeX Font Warning: Font shape `OMS/cmss/m/it' undefined
(Font)              using `OMS/cmss/m/n' instead
(Font)              for symbol `textbraceleft' on input line 146.

[25]
Underfull \hbox (badness 10000) in paragraph at lines 208--209

 []

<Pictures/TDD.png, id=309, 506.89375pt x 296.10625pt>
File: Pictures/TDD.png Graphic file (type png)
<use Pictures/TDD.png>
Package pdftex.def Info: Pictures/TDD.png  used on input line 210.
(pdftex.def)             Requested size: 506.89252pt x 296.10551pt.

Overfull \hbox (16.3326pt too wide) in paragraph at lines 210--211
 [] 
 []

[26 <./Pictures/TDD.png>]) [27] (./Lec9.tex
<Pictures/IOChart.png, id=326, 541.02126pt x 206.7725pt>
File: Pictures/IOChart.png Graphic file (type png)
<use Pictures/IOChart.png>
Package pdftex.def Info: Pictures/IOChart.png  used on input line 30.
(pdftex.def)             Requested size: 324.61525pt x 124.06445pt.
 [28 <./Pictures/IOChart.png>]
LaTeX Font Info:    Trying to load font information for OMS+cmtt on input line 
132.
LaTeX Font Info:    No file OMScmtt.fd. on input line 132.


LaTeX Font Warning: Font shape `OMS/cmtt/m/n' undefined
(Font)              using `OMS/cmsy/m/n' instead
(Font)              for symbol `textbackslash' on input line 132.

LaTeX Font Info:    Trying to load font information for TS1+cmtt on input line 
133.
(/usr/local/texlive/2020/texmf-dist/tex/latex/base/ts1cmtt.fd
File: ts1cmtt.fd 2019/12/16 v2.5j Standard LaTeX font definitions
)

LaTeX Font Warning: Font shape `OMS/cmtt/m/it' undefined
(Font)              using `OMS/cmtt/m/n' instead
(Font)              for symbol `textbraceleft' on input line 145.

) [29] (./Lec10.tex [30]) [31] (./Lec11.tex) [32] (./Lec12.tex
Overfull \hbox (40.09554pt too wide) in paragraph at lines 33--34
[][] 
 []


Overfull \hbox (7.66847pt too wide) in paragraph at lines 85--86
[][] 
 []

) [33]
Package atveryend Info: Empty hook `BeforeClearDocument' on input line 132.
Package atveryend Info: Empty hook `AfterLastShipout' on input line 132.
 (./Lecture Slides.aux)
Package atveryend Info: Executing hook `AtVeryEndDocument' on input line 132.
Package atveryend Info: Executing hook `AtEndAfterFileList' on input line 132.
Package rerunfilecheck Info: File `"Lecture Slides".out' has not changed.
(rerunfilecheck)             Checksum: B4234EC8A3178E9B019BD1472AB61CAE;696.


LaTeX Font Warning: Some font shapes were not available, defaults substituted.

 ) 
Here is how much of TeX's memory you used:
 26500 strings out of 480608
 503411 string characters out of 5903630
 1124133 words of memory out of 5000000
 41681 multiletter control sequences out of 15000+600000
 545371 words of font info for 70 fonts, out of 8000000 for 9000
 1141 hyphenation exceptions out of 8191
 60i,15n,76p,1025b,1597s stack positions out of 5000i,500n,10000p,200000b,80000s
{/usr/local/texlive/2020/texmf-dist/fonts/enc/dvips/cm-super/cm-super-ts1.enc
}</usr/local/texlive/2020/texmf-dist/fonts/type1/public/amsfonts/cm/cmitt10.pfb
></usr/local/texlive/2020/texmf-dist/fonts/type1/public/amsfonts/cm/cmmi10.pfb>
</usr/local/texlive/2020/texmf-dist/fonts/type1/public/amsfonts/cm/cmmi8.pfb></
usr/local/texlive/2020/texmf-dist/fonts/type1/public/amsfonts/cm/cmr10.pfb></us
r/local/texlive/2020/texmf-dist/fonts/type1/public/amsfonts/cm/cmr8.pfb></usr/l
ocal/texlive/2020/texmf-dist/fonts/type1/public/amsfonts/cm/cmss10.pfb></usr/lo
cal/texlive/2020/texmf-dist/fonts/type1/public/amsfonts/cm/cmss12.pfb></usr/loc
al/texlive/2020/texmf-dist/fonts/type1/public/amsfonts/cm/cmss17.pfb></usr/loca
l/texlive/2020/texmf-dist/fonts/type1/public/amsfonts/cm/cmss8.pfb></usr/local/
texlive/2020/texmf-dist/fonts/type1/public/amsfonts/cm/cmss9.pfb></usr/local/te
xlive/2020/texmf-dist/fonts/type1/public/amsfonts/cm/cmssbx10.pfb></usr/local/t
exlive/2020/texmf-dist/fonts/type1/public/amsfonts/cm/cmssi10.pfb></usr/local/t
exlive/2020/texmf-dist/fonts/type1/public/amsfonts/cm/cmsy10.pfb></usr/local/te
xlive/2020/texmf-dist/fonts/type1/public/amsfonts/cm/cmsy8.pfb></usr/local/texl
ive/2020/texmf-dist/fonts/type1/public/amsfonts/cm/cmtt10.pfb></usr/local/texli
ve/2020/texmf-dist/fonts/type1/public/amsfonts/cm/cmtt9.pfb></usr/local/texlive
/2020/texmf-dist/fonts/type1/public/cm-super/sfss0600.pfb></usr/local/texlive/2
020/texmf-dist/fonts/type1/public/cm-super/sfss1095.pfb></usr/local/texlive/202
0/texmf-dist/fonts/type1/public/cm-super/sfss1200.pfb></usr/local/texlive/2020/
texmf-dist/fonts/type1/public/cm-super/sftt1095.pfb>
Output written on "Lecture Slides.pdf" (34 pages, 1783037 bytes).
PDF statistics:
 456 PDF objects out of 1000 (max. 8388607)
 370 compressed objects within 4 object streams
 147 named destinations out of 1000 (max. 500000)
 174 words of extra memory for PDF output out of 10000 (max. 10000000)

